D:\SECUREDELETE\SECUREDELETE\DEBUG\SECUREDELETENATIVE.BSC
D:\SECUREDELETE\SECUREDELETE\SECUREDELETENATIVE\DEBUG\VC110.PDB
D:\SECUREDELETE\SECUREDELETE\SECUREDELETENATIVE\DEBUG\MAIN.OBJ
D:\SECUREDELETE\SECUREDELETE\SECUREDELETENATIVE\DEBUG\MAIN.SBR
D:\SECUREDELETE\SECUREDELETE\DEBUG\SECUREDELETENATIVE.ILK
D:\SECUREDELETE\SECUREDELETE\DEBUG\SECUREDELETENATIVE.DLL
D:\SECUREDELETE\SECUREDELETE\DEBUG\SECUREDELETENATIVE.PDB
D:\SecureDelete\SecureDelete\SecureDeleteNative\Debug\main.obj
D:\SecureDelete\SecureDelete\SecureDeleteNative\Debug\BscMake.command.1.tlog
D:\SecureDelete\SecureDelete\SecureDeleteNative\Debug\bscmake.read.1.tlog
D:\SecureDelete\SecureDelete\SecureDeleteNative\Debug\BscMake.write.1.tlog
D:\SecureDelete\SecureDelete\SecureDeleteNative\Debug\cl.command.1.tlog
D:\SecureDelete\SecureDelete\SecureDeleteNative\Debug\CL.read.1.tlog
D:\SecureDelete\SecureDelete\SecureDeleteNative\Debug\CL.write.1.tlog
D:\SecureDelete\SecureDelete\SecureDeleteNative\Debug\link-cvtres.read.1.tlog
D:\SecureDelete\SecureDelete\SecureDeleteNative\Debug\link-cvtres.write.1.tlog
D:\SecureDelete\SecureDelete\SecureDeleteNative\Debug\link-rc.read.1.tlog
D:\SecureDelete\SecureDelete\SecureDeleteNative\Debug\link-rc.write.1.tlog
D:\SecureDelete\SecureDelete\SecureDeleteNative\Debug\link.5392-cvtres.read.1.tlog
D:\SecureDelete\SecureDelete\SecureDeleteNative\Debug\link.5392-cvtres.write.1.tlog
D:\SecureDelete\SecureDelete\SecureDeleteNative\Debug\link.5392-rc.read.1.tlog
D:\SecureDelete\SecureDelete\SecureDeleteNative\Debug\link.5392-rc.write.1.tlog
D:\SecureDelete\SecureDelete\SecureDeleteNative\Debug\link.5392.read.1.tlog
D:\SecureDelete\SecureDelete\SecureDeleteNative\Debug\link.5392.write.1.tlog
D:\SecureDelete\SecureDelete\SecureDeleteNative\Debug\link.command.1.tlog
D:\SecureDelete\SecureDelete\SecureDeleteNative\Debug\link.read.1.tlog
D:\SecureDelete\SecureDelete\SecureDeleteNative\Debug\link.write.1.tlog
D:\SecureDelete\SecureDelete\SecureDeleteNative\Debug\vc110.idb
D:\SecureDelete\SecureDelete\SecureDeleteNative\Debug\vc110.pdb
D:\SecureDelete\SecureDelete\SecureDeleteNative\Debug\main.sbr
D:\SecureDelete\SecureDelete\Debug\SecureDeleteNative.pdb
D:\SecureDelete\SecureDelete\Debug\SecureDeleteNative.dll
D:\SecureDelete\SecureDelete\Debug\SecureDeleteNative.bsc
D:\SecureDelete\SecureDelete\Debug\SecureDeleteNative.ilk
