D:\SECUREDELETE\SECUREDELETE\DEBUG\SECUREDELETESHELLEXTENSIONNATIVE.BSC
D:\SECUREDELETE\SECUREDELETE\SECUREDELETESHELLEXTENSIONNATIVE\DEBUG\SECUREDELETESHELLEXTENSIONNATIVE.PCH
D:\SECUREDELETE\SECUREDELETE\SECUREDELETESHELLEXTENSIONNATIVE\DEBUG\STDAFX.OBJ
D:\SECUREDELETE\SECUREDELETE\SECUREDELETESHELLEXTENSIONNATIVE\DEBUG\VC110.PDB
D:\SECUREDELETE\SECUREDELETE\SECUREDELETESHELLEXTENSIONNATIVE\DEBUG\STDAFX.SBR
D:\SECUREDELETE\SECUREDELETE\SECUREDELETESHELLEXTENSIONNATIVE\DEBUG\SDSHELLEXT.OBJ
D:\SECUREDELETE\SECUREDELETE\SECUREDELETESHELLEXTENSIONNATIVE\DEBUG\SDSHELLNATIVE.OBJ
D:\SECUREDELETE\SECUREDELETE\SECUREDELETESHELLEXTENSIONNATIVE\DEBUG\SDSHELLNATIVE.SBR
D:\SECUREDELETE\SECUREDELETE\SECUREDELETESHELLEXTENSIONNATIVE\DEBUG\SDSHELLEXT.SBR
D:\SECUREDELETE\SECUREDELETE\SECUREDELETESHELLEXTENSIONNATIVE\DEBUG\SDSHELLNATIVE_I.OBJ
D:\SECUREDELETE\SECUREDELETE\SECUREDELETESHELLEXTENSIONNATIVE\DEBUG\SDSHELLNATIVE_I.SBR
D:\SECUREDELETE\SECUREDELETE\DEBUG\SECUREDELETESHELLEXTENSIONNATIVE.ILK
D:\SECUREDELETE\SECUREDELETE\DEBUG\SECUREDELETESHELLEXTENSIONNATIVE.DLL
D:\SECUREDELETE\SECUREDELETE\DEBUG\SECUREDELETESHELLEXTENSIONNATIVE.PDB
D:\SECUREDELETE\SECUREDELETE\SECUREDELETESHELLEXTENSIONNATIVE\DEBUG\SDSHELLNATIVE.TLB
D:\SECUREDELETE\SECUREDELETE\SECUREDELETESHELLEXTENSIONNATIVE\SDSHELLNATIVE_P.C
D:\SECUREDELETE\SECUREDELETE\SECUREDELETESHELLEXTENSIONNATIVE\SDSHELLNATIVE_I.C
D:\SECUREDELETE\SECUREDELETE\SECUREDELETESHELLEXTENSIONNATIVE\SDSHELLNATIVE.H
D:\SECUREDELETE\SECUREDELETE\SECUREDELETESHELLEXTENSIONNATIVE\DEBUG\SDSHELLNATIVE.RES
D:\SecureDelete\SecureDelete\Debug\SecureDeleteShellExtensionNative.lib
D:\SecureDelete\SecureDelete\Debug\SecureDeleteShellExtensionNative.exp
D:\SecureDelete\SecureDelete\SecureDeleteShellExtensionNative\Debug\SDShellExt.obj
D:\SecureDelete\SecureDelete\SecureDeleteShellExtensionNative\Debug\SDShellNative.obj
D:\SecureDelete\SecureDelete\SecureDeleteShellExtensionNative\Debug\SDShellNative_i.obj
D:\SecureDelete\SecureDelete\SecureDeleteShellExtensionNative\Debug\stdafx.obj
D:\SecureDelete\SecureDelete\SecureDeleteShellExtensionNative\Debug\SDShellNative.tlb
D:\SecureDelete\SecureDelete\SecureDeleteShellExtensionNative\Debug\BscMake.command.1.tlog
D:\SecureDelete\SecureDelete\SecureDeleteShellExtensionNative\Debug\bscmake.read.1.tlog
D:\SecureDelete\SecureDelete\SecureDeleteShellExtensionNative\Debug\BscMake.write.1.tlog
D:\SecureDelete\SecureDelete\SecureDeleteShellExtensionNative\Debug\cl.command.1.tlog
D:\SecureDelete\SecureDelete\SecureDeleteShellExtensionNative\Debug\CL.read.1.tlog
D:\SecureDelete\SecureDelete\SecureDeleteShellExtensionNative\Debug\CL.write.1.tlog
D:\SecureDelete\SecureDelete\SecureDeleteShellExtensionNative\Debug\link-cvtres.read.1.tlog
D:\SecureDelete\SecureDelete\SecureDeleteShellExtensionNative\Debug\link-cvtres.write.1.tlog
D:\SecureDelete\SecureDelete\SecureDeleteShellExtensionNative\Debug\link-rc.read.1.tlog
D:\SecureDelete\SecureDelete\SecureDeleteShellExtensionNative\Debug\link-rc.write.1.tlog
D:\SecureDelete\SecureDelete\SecureDeleteShellExtensionNative\Debug\link.7496-cvtres.read.1.tlog
D:\SecureDelete\SecureDelete\SecureDeleteShellExtensionNative\Debug\link.7496-cvtres.write.1.tlog
D:\SecureDelete\SecureDelete\SecureDeleteShellExtensionNative\Debug\link.7496-rc.read.1.tlog
D:\SecureDelete\SecureDelete\SecureDeleteShellExtensionNative\Debug\link.7496-rc.write.1.tlog
D:\SecureDelete\SecureDelete\SecureDeleteShellExtensionNative\Debug\link.7496.read.1.tlog
D:\SecureDelete\SecureDelete\SecureDeleteShellExtensionNative\Debug\link.7496.write.1.tlog
D:\SecureDelete\SecureDelete\SecureDeleteShellExtensionNative\Debug\link.command.1.tlog
D:\SecureDelete\SecureDelete\SecureDeleteShellExtensionNative\Debug\link.read.1.tlog
D:\SecureDelete\SecureDelete\SecureDeleteShellExtensionNative\Debug\link.write.1.tlog
D:\SecureDelete\SecureDelete\SecureDeleteShellExtensionNative\Debug\midl-midlc-cl.read.1.tlog
D:\SecureDelete\SecureDelete\SecureDeleteShellExtensionNative\Debug\midl-midlc.read.1.tlog
D:\SecureDelete\SecureDelete\SecureDeleteShellExtensionNative\Debug\midl-midlc.write.1.tlog
D:\SecureDelete\SecureDelete\SecureDeleteShellExtensionNative\Debug\midl.command.1.tlog
D:\SecureDelete\SecureDelete\SecureDeleteShellExtensionNative\Debug\midl.read.1.tlog
D:\SecureDelete\SecureDelete\SecureDeleteShellExtensionNative\Debug\midl.write.1.tlog
D:\SecureDelete\SecureDelete\SecureDeleteShellExtensionNative\Debug\rc.command.1.tlog
D:\SecureDelete\SecureDelete\SecureDeleteShellExtensionNative\Debug\rc.read.1.tlog
D:\SecureDelete\SecureDelete\SecureDeleteShellExtensionNative\Debug\rc.write.1.tlog
D:\SecureDelete\SecureDelete\SecureDeleteShellExtensionNative\Debug\SecureDeleteShellExtensionNative.write.1.tlog
D:\SecureDelete\SecureDelete\SecureDeleteShellExtensionNative\Debug\SDShellNative.res
D:\SecureDelete\SecureDelete\SecureDeleteShellExtensionNative\Debug\SecureDeleteShellExtensionNative.pch
D:\SecureDelete\SecureDelete\SecureDeleteShellExtensionNative\Debug\vc110.idb
D:\SecureDelete\SecureDelete\SecureDeleteShellExtensionNative\Debug\vc110.pdb
D:\SecureDelete\SecureDelete\SecureDeleteShellExtensionNative\Debug\SDShellExt.sbr
D:\SecureDelete\SecureDelete\SecureDeleteShellExtensionNative\Debug\SDShellNative.sbr
D:\SecureDelete\SecureDelete\SecureDeleteShellExtensionNative\Debug\SDShellNative_i.sbr
D:\SecureDelete\SecureDelete\SecureDeleteShellExtensionNative\Debug\stdafx.sbr
D:\SecureDelete\SecureDelete\Debug\SecureDeleteShellExtensionNative.pdb
D:\SecureDelete\SecureDelete\Debug\SecureDeleteShellExtensionNative.dll
D:\SecureDelete\SecureDelete\Debug\SecureDeleteShellExtensionNative.bsc
D:\SecureDelete\SecureDelete\Debug\SecureDeleteShellExtensionNative.ilk
